<?xml version="1.0" encoding="UTF-8"?>
<testsuite xmlns:xsi="http://www.w3.org/2001/XMLSchema-instance" xsi:noNamespaceSchemaLocation="https://maven.apache.org/surefire/maven-surefire-plugin/xsd/surefire-test-report-3.0.xsd" version="3.0" name="TestSuite" time="59.715" tests="12" errors="0" skipped="0" failures="0">
  <properties>
[...]
</properties>
  <testcase name="testLogin[adminmaster@gmail.com, adminmaster, Đăng nhập thành công, Honivy, http://localhost:4200/, Tài khoản hợp lệ - Case thành công, Success](1)" classname="User.Login.User_Login_Test" time="7.559">
    <system-out><![CDATA[Báo cáo đã được khởi tạo: src/test/resources/reports/extentReport6.html
⚡ Đang thiết lập trình duyệt...
🌍 Đang khởi chạy trình duyệt: CHROME
Bắt đầu test: Login Test - Tài khoản hợp lệ - Case thành công - Category: Login_Data_Pass
INFO: Mở trình duyệt...
INFO: Điều hướng đến http://localhost:4200/
INFO: Thực hiện test case: Tài khoản hợp lệ - Case thành công
PASS: Kiểm tra thông báo thành công cho: Đăng nhập thành công
[DEBUG] Expected Title: Honivy
[DEBUG] Actual Title: Honivy
PASS: Kiểm tra tiêu đề thành công cho: Honivy
[DEBUG] Expected URL: http://localhost:4200/
[DEBUG] Actual URL: http://localhost:4200/
PASS: Kiểm tra link thành công cho: http://localhost:4200/
INFO: Đóng trình duyệt...
]]></system-out>
    <system-err><![CDATA[SLF4J(W): No SLF4J providers were found.
SLF4J(W): Defaulting to no-operation (NOP) logger implementation
SLF4J(W): See https://www.slf4j.org/codes.html#noProviders for further details.
SLF4J(W): Class path contains SLF4J bindings targeting slf4j-api versions 1.7.x or earlier.
SLF4J(W): Ignoring binding found at [jar:file:/C:/Users/dactu/.m2/repository/org/apache/logging/log4j/log4j-slf4j-impl/2.20.0/log4j-slf4j-impl-2.20.0.jar!/org/slf4j/impl/StaticLoggerBinder.class]
SLF4J(W): See https://www.slf4j.org/codes.html#ignoredBindings for an explanation.
]]></system-err>
  </testcase>
  <testcase name="testLogin[, adminmaster, Vui lòng nhập email, Honivy, http://localhost:4200/, Để trống email, Fail](2)" classname="User.Login.User_Login_Test" time="2.71">
    <system-out><![CDATA[🛑 Đóng trình duyệt...
✅ Đã đóng trình duyệt.
⚡ Đang thiết lập trình duyệt...
🌍 Đang khởi chạy trình duyệt: CHROME
Bắt đầu test: Login Test - Để trống email - Category: Login_Data_Fail
INFO: Mở trình duyệt...
INFO: Điều hướng đến http://localhost:4200/
INFO: Thực hiện test case: Để trống email
PASS: Kiểm tra thông báo thành công cho: Vui lòng nhập email
[DEBUG] Expected Title: Honivy
[DEBUG] Actual Title: Honivy
PASS: Kiểm tra tiêu đề thành công cho: Honivy
[DEBUG] Expected URL: http://localhost:4200/
[DEBUG] Actual URL: http://localhost:4200/
PASS: Kiểm tra link thành công cho: http://localhost:4200/
INFO: Đóng trình duyệt...
]]></system-out>
  </testcase>
  <testcase name="testLogin[              , adminmaster, Định dạng email không hợp lệ, Honivy, http://localhost:4200/, Nhập email bằng ký tự trắng, Fail](3)" classname="User.Login.User_Login_Test" time="2.68">
    <system-out><![CDATA[🛑 Đóng trình duyệt...
✅ Đã đóng trình duyệt.
⚡ Đang thiết lập trình duyệt...
🌍 Đang khởi chạy trình duyệt: CHROME
Bắt đầu test: Login Test - Nhập email bằng ký tự trắng - Category: Login_Data_Fail
INFO: Mở trình duyệt...
INFO: Điều hướng đến http://localhost:4200/
INFO: Thực hiện test case: Nhập email bằng ký tự trắng
PASS: Kiểm tra thông báo thành công cho: Định dạng email không hợp lệ
[DEBUG] Expected Title: Honivy
[DEBUG] Actual Title: Honivy
PASS: Kiểm tra tiêu đề thành công cho: Honivy
[DEBUG] Expected URL: http://localhost:4200/
[DEBUG] Actual URL: http://localhost:4200/
PASS: Kiểm tra link thành công cho: http://localhost:4200/
INFO: Đóng trình duyệt...
]]></system-out>
  </testcase>
  <testcase name="testLogin[   adminmaster@gmail.com, adminmaster, Định dạng email không hợp lệ, Honivy, http://localhost:4200/, Nhập email nhưng có ký tự trắng (Đầu), Fail](4)" classname="User.Login.User_Login_Test" time="2.671">
    <system-out><![CDATA[🛑 Đóng trình duyệt...
✅ Đã đóng trình duyệt.
⚡ Đang thiết lập trình duyệt...
🌍 Đang khởi chạy trình duyệt: CHROME
Bắt đầu test: Login Test - Nhập email nhưng có ký tự trắng (Đầu) - Category: Login_Data_Fail
INFO: Mở trình duyệt...
INFO: Điều hướng đến http://localhost:4200/
INFO: Thực hiện test case: Nhập email nhưng có ký tự trắng (Đầu)
PASS: Kiểm tra thông báo thành công cho: Định dạng email không hợp lệ
[DEBUG] Expected Title: Honivy
[DEBUG] Actual Title: Honivy
PASS: Kiểm tra tiêu đề thành công cho: Honivy
[DEBUG] Expected URL: http://localhost:4200/
[DEBUG] Actual URL: http://localhost:4200/
PASS: Kiểm tra link thành công cho: http://localhost:4200/
INFO: Đóng trình duyệt...
]]></system-out>
  </testcase>
  <testcase name="testLogin[adminmaste r@gmail.com, adminmaster, Định dạng email không hợp lệ, Honivy, http://localhost:4200/, Nhập email nhưng có ký tự trắng (Giữa), Fail](5)" classname="User.Login.User_Login_Test" time="2.709">
    <system-out><![CDATA[🛑 Đóng trình duyệt...
✅ Đã đóng trình duyệt.
⚡ Đang thiết lập trình duyệt...
🌍 Đang khởi chạy trình duyệt: CHROME
Bắt đầu test: Login Test - Nhập email nhưng có ký tự trắng (Giữa) - Category: Login_Data_Fail
INFO: Mở trình duyệt...
INFO: Điều hướng đến http://localhost:4200/
INFO: Thực hiện test case: Nhập email nhưng có ký tự trắng (Giữa)
PASS: Kiểm tra thông báo thành công cho: Định dạng email không hợp lệ
[DEBUG] Expected Title: Honivy
[DEBUG] Actual Title: Honivy
PASS: Kiểm tra tiêu đề thành công cho: Honivy
[DEBUG] Expected URL: http://localhost:4200/
[DEBUG] Actual URL: http://localhost:4200/
PASS: Kiểm tra link thành công cho: http://localhost:4200/
INFO: Đóng trình duyệt...
]]></system-out>
  </testcase>
  <testcase name="testLogin[adminmaster@gmail.com    , adminmaster, Định dạng email không hợp lệ, Honivy, http://localhost:4200/, Nhập email nhưng có ký tự trắng (Cuối), Fail](6)" classname="User.Login.User_Login_Test" time="2.74">
    <system-out><![CDATA[🛑 Đóng trình duyệt...
✅ Đã đóng trình duyệt.
⚡ Đang thiết lập trình duyệt...
🌍 Đang khởi chạy trình duyệt: CHROME
Bắt đầu test: Login Test - Nhập email nhưng có ký tự trắng (Cuối) - Category: Login_Data_Fail
INFO: Mở trình duyệt...
INFO: Điều hướng đến http://localhost:4200/
INFO: Thực hiện test case: Nhập email nhưng có ký tự trắng (Cuối)
PASS: Kiểm tra thông báo thành công cho: Định dạng email không hợp lệ
[DEBUG] Expected Title: Honivy
[DEBUG] Actual Title: Honivy
PASS: Kiểm tra tiêu đề thành công cho: Honivy
[DEBUG] Expected URL: http://localhost:4200/
[DEBUG] Actual URL: http://localhost:4200/
PASS: Kiểm tra link thành công cho: http://localhost:4200/
INFO: Đóng trình duyệt...
]]></system-out>
  </testcase>
  <testcase name="testLogin[adminmastergmail.com, adminmaster, Định dạng email không hợp lệ, Honivy, http://localhost:4200/, Nhập email sai định dạng (Không có @), Fail](7)" classname="User.Login.User_Login_Test" time="2.859">
    <system-out><![CDATA[🛑 Đóng trình duyệt...
✅ Đã đóng trình duyệt.
⚡ Đang thiết lập trình duyệt...
🌍 Đang khởi chạy trình duyệt: CHROME
Bắt đầu test: Login Test - Nhập email sai định dạng (Không có @) - Category: Login_Data_Fail
INFO: Mở trình duyệt...
INFO: Điều hướng đến http://localhost:4200/
INFO: Thực hiện test case: Nhập email sai định dạng (Không có @)
PASS: Kiểm tra thông báo thành công cho: Định dạng email không hợp lệ
[DEBUG] Expected Title: Honivy
[DEBUG] Actual Title: Honivy
PASS: Kiểm tra tiêu đề thành công cho: Honivy
[DEBUG] Expected URL: http://localhost:4200/
[DEBUG] Actual URL: http://localhost:4200/
PASS: Kiểm tra link thành công cho: http://localhost:4200/
INFO: Đóng trình duyệt...
]]></system-out>
  </testcase>
  <testcase name="testLogin[@gmail.com, adminmaster, Định dạng email không hợp lệ, Honivy, http://localhost:4200/, Nhập email sai định dạng (Thiếu tên miền), Fail](8)" classname="User.Login.User_Login_Test" time="2.825">
    <system-out><![CDATA[🛑 Đóng trình duyệt...
✅ Đã đóng trình duyệt.
⚡ Đang thiết lập trình duyệt...
🌍 Đang khởi chạy trình duyệt: CHROME
Bắt đầu test: Login Test - Nhập email sai định dạng (Thiếu tên miền) - Category: Login_Data_Fail
INFO: Mở trình duyệt...
INFO: Điều hướng đến http://localhost:4200/
INFO: Thực hiện test case: Nhập email sai định dạng (Thiếu tên miền)
PASS: Kiểm tra thông báo thành công cho: Định dạng email không hợp lệ
[DEBUG] Expected Title: Honivy
[DEBUG] Actual Title: Honivy
PASS: Kiểm tra tiêu đề thành công cho: Honivy
[DEBUG] Expected URL: http://localhost:4200/
[DEBUG] Actual URL: http://localhost:4200/
PASS: Kiểm tra link thành công cho: http://localhost:4200/
INFO: Đóng trình duyệt...
]]></system-out>
  </testcase>
  <testcase name="testLogin[tungtet2003@gmail.com, adminmaster, Email người dùng không tồn tại!, Honivy, http://localhost:4200/, Nhập email không tồn tại trong CSDL, Fail](9)" classname="User.Login.User_Login_Test" time="2.821">
    <system-out><![CDATA[🛑 Đóng trình duyệt...
✅ Đã đóng trình duyệt.
⚡ Đang thiết lập trình duyệt...
🌍 Đang khởi chạy trình duyệt: CHROME
Bắt đầu test: Login Test - Nhập email không tồn tại trong CSDL - Category: Login_Data_Fail
INFO: Mở trình duyệt...
INFO: Điều hướng đến http://localhost:4200/
INFO: Thực hiện test case: Nhập email không tồn tại trong CSDL
PASS: Kiểm tra thông báo thành công cho: Email người dùng không tồn tại!
[DEBUG] Expected Title: Honivy
[DEBUG] Actual Title: Honivy
PASS: Kiểm tra tiêu đề thành công cho: Honivy
[DEBUG] Expected URL: http://localhost:4200/
[DEBUG] Actual URL: http://localhost:4200/
PASS: Kiểm tra link thành công cho: http://localhost:4200/
INFO: Đóng trình duyệt...
]]></system-out>
  </testcase>
  <testcase name="testLogin[adminmaster@gmail.com, , Vui lòng nhập mật khẩu, Honivy, http://localhost:4200/, Để trống mật khẩu, Fail](10)" classname="User.Login.User_Login_Test" time="2.953">
    <system-out><![CDATA[🛑 Đóng trình duyệt...
✅ Đã đóng trình duyệt.
⚡ Đang thiết lập trình duyệt...
🌍 Đang khởi chạy trình duyệt: CHROME
Bắt đầu test: Login Test - Để trống mật khẩu - Category: Login_Data_Fail
INFO: Mở trình duyệt...
INFO: Điều hướng đến http://localhost:4200/
INFO: Thực hiện test case: Để trống mật khẩu
PASS: Kiểm tra thông báo thành công cho: Vui lòng nhập mật khẩu
[DEBUG] Expected Title: Honivy
[DEBUG] Actual Title: Honivy
PASS: Kiểm tra tiêu đề thành công cho: Honivy
[DEBUG] Expected URL: http://localhost:4200/
[DEBUG] Actual URL: http://localhost:4200/
PASS: Kiểm tra link thành công cho: http://localhost:4200/
INFO: Đóng trình duyệt...
]]></system-out>
  </testcase>
  <testcase name="testLogin[adminmaster@gmail.com,               , Tài khoản hoặc mật khẩu người dùng không chính xác!, Honivy, http://localhost:4200/, Nhập mật khẩu bằng ký tự trắng, Fail](11)" classname="User.Login.User_Login_Test" time="3.508">
    <system-out><![CDATA[🛑 Đóng trình duyệt...
✅ Đã đóng trình duyệt.
⚡ Đang thiết lập trình duyệt...
🌍 Đang khởi chạy trình duyệt: CHROME
Bắt đầu test: Login Test - Nhập mật khẩu bằng ký tự trắng - Category: Login_Data_Fail
INFO: Mở trình duyệt...
INFO: Điều hướng đến http://localhost:4200/
INFO: Thực hiện test case: Nhập mật khẩu bằng ký tự trắng
PASS: Kiểm tra thông báo thành công cho: Tài khoản hoặc mật khẩu người dùng không chính xác!
[DEBUG] Expected Title: Honivy
[DEBUG] Actual Title: Honivy
PASS: Kiểm tra tiêu đề thành công cho: Honivy
[DEBUG] Expected URL: http://localhost:4200/
[DEBUG] Actual URL: http://localhost:4200/
PASS: Kiểm tra link thành công cho: http://localhost:4200/
INFO: Đóng trình duyệt...
]]></system-out>
  </testcase>
  <testcase name="testLogin[adminmaster@gmail.com, adminmas1ter, Tài khoản hoặc mật khẩu người dùng không chính xác!, Honivy, http://localhost:4200/, Nhập mật khẩu sai, Fail](12)" classname="User.Login.User_Login_Test" time="3.331">
    <system-out><![CDATA[🛑 Đóng trình duyệt...
✅ Đã đóng trình duyệt.
⚡ Đang thiết lập trình duyệt...
🌍 Đang khởi chạy trình duyệt: CHROME
Bắt đầu test: Login Test - Nhập mật khẩu sai - Category: Login_Data_Fail
INFO: Mở trình duyệt...
INFO: Điều hướng đến http://localhost:4200/
INFO: Thực hiện test case: Nhập mật khẩu sai
PASS: Kiểm tra thông báo thành công cho: Tài khoản hoặc mật khẩu người dùng không chính xác!
[DEBUG] Expected Title: Honivy
[DEBUG] Actual Title: Honivy
PASS: Kiểm tra tiêu đề thành công cho: Honivy
[DEBUG] Expected URL: http://localhost:4200/
[DEBUG] Actual URL: http://localhost:4200/
PASS: Kiểm tra link thành công cho: http://localhost:4200/
INFO: Đóng trình duyệt...
]]></system-out>
  </testcase>
</testsuite>