<?xml version="1.0" encoding="UTF-8"?>
<testng-results ignored="0" total="12" passed="12" failed="0" skipped="0">
  <reporter-output>
  </reporter-output>
  <suite started-at="2025-02-27T09:27:51 ICT" name="Parallel Test Suite" finished-at="2025-02-27T09:28:50 ICT" duration-ms="58708">
    <groups>
      <group name="Success">
        <method signature="User_Login_Test.testLogin(java.lang.String,java.lang.String,java.lang.String,java.lang.String,java.lang.String,java.lang.String,java.lang.String)[pri:0, instance:User.Login.User_Login_Test@47eaca72]" name="testLogin" class="User.Login.User_Login_Test"/>
      </group> <!-- Success -->
      <group name="Fail">
        <method signature="User_Login_Test.testLogin(java.lang.String,java.lang.String,java.lang.String,java.lang.String,java.lang.String,java.lang.String,java.lang.String)[pri:0, instance:User.Login.User_Login_Test@47eaca72]" name="testLogin" class="User.Login.User_Login_Test"/>
      </group> <!-- Fail -->
    </groups>
    <test started-at="2025-02-27T09:27:51 ICT" name="Tests" finished-at="2025-02-27T09:28:50 ICT" duration-ms="58708">
      <class name="User.Login.User_Login_Test">
        <test-method is-config="true" signature="beforeSuite()[pri:0, instance:User.Login.User_Login_Test@47eaca72]" started-at="2025-02-27T09:27:51 ICT" name="beforeSuite" finished-at="2025-02-27T09:27:51 ICT" duration-ms="190" status="PASS">
          <reporter-output>
          </reporter-output>
        </test-method> <!-- beforeSuite -->
        <test-method is-config="true" signature="setUp()[pri:0, instance:User.Login.User_Login_Test@47eaca72]" started-at="2025-02-27T09:27:52 ICT" name="setUp" finished-at="2025-02-27T09:27:55 ICT" duration-ms="2771" status="PASS">
          <reporter-output>
          </reporter-output>
        </test-method> <!-- setUp -->
        <test-method signature="testLogin(java.lang.String,java.lang.String,java.lang.String,java.lang.String,java.lang.String,java.lang.String,java.lang.String)[pri:0, instance:User.Login.User_Login_Test@47eaca72]" started-at="2025-02-27T09:27:55 ICT" name="testLogin" data-provider="loginData" finished-at="2025-02-27T09:28:03 ICT" duration-ms="7555" status="PASS">
          <params>
            <param index="0">
              <value>
                <![CDATA[adminmaster@gmail.com]]>
              </value>
            </param>
            <param index="1">
              <value>
                <![CDATA[adminmaster]]>
              </value>
            </param>
            <param index="2">
              <value>
                <![CDATA[Đăng nhập thành công]]>
              </value>
            </param>
            <param index="3">
              <value>
                <![CDATA[Honivy]]>
              </value>
            </param>
            <param index="4">
              <value>
                <![CDATA[http://localhost:4200/]]>
              </value>
            </param>
            <param index="5">
              <value>
                <![CDATA[Tài khoản hợp lệ - Case thành công]]>
              </value>
            </param>
            <param index="6">
              <value>
                <![CDATA[Success]]>
              </value>
            </param>
          </params>
          <reporter-output>
          </reporter-output>
        </test-method> <!-- testLogin -->
        <test-method is-config="true" signature="tearDown()[pri:0, instance:User.Login.User_Login_Test@47eaca72]" started-at="2025-02-27T09:28:03 ICT" name="tearDown" finished-at="2025-02-27T09:28:03 ICT" duration-ms="388" status="PASS">
          <reporter-output>
          </reporter-output>
        </test-method> <!-- tearDown -->
        <test-method is-config="true" signature="setUp()[pri:0, instance:User.Login.User_Login_Test@47eaca72]" started-at="2025-02-27T09:28:03 ICT" name="setUp" finished-at="2025-02-27T09:28:04 ICT" duration-ms="778" status="PASS">
          <reporter-output>
          </reporter-output>
        </test-method> <!-- setUp -->
        <test-method signature="testLogin(java.lang.String,java.lang.String,java.lang.String,java.lang.String,java.lang.String,java.lang.String,java.lang.String)[pri:0, instance:User.Login.User_Login_Test@47eaca72]" started-at="2025-02-27T09:28:04 ICT" name="testLogin" data-provider="loginData" finished-at="2025-02-27T09:28:07 ICT" duration-ms="2707" status="PASS">
          <params>
            <param index="0">
              <value>
                <![CDATA[]]>
              </value>
            </param>
            <param index="1">
              <value>
                <![CDATA[adminmaster]]>
              </value>
            </param>
            <param index="2">
              <value>
                <![CDATA[Vui lòng nhập email]]>
              </value>
            </param>
            <param index="3">
              <value>
                <![CDATA[Honivy]]>
              </value>
            </param>
            <param index="4">
              <value>
                <![CDATA[http://localhost:4200/]]>
              </value>
            </param>
            <param index="5">
              <value>
                <![CDATA[Để trống email]]>
              </value>
            </param>
            <param index="6">
              <value>
                <![CDATA[Fail]]>
              </value>
            </param>
          </params>
          <reporter-output>
          </reporter-output>
        </test-method> <!-- testLogin -->
        <test-method is-config="true" signature="tearDown()[pri:0, instance:User.Login.User_Login_Test@47eaca72]" started-at="2025-02-27T09:28:07 ICT" name="tearDown" finished-at="2025-02-27T09:28:07 ICT" duration-ms="323" status="PASS">
          <reporter-output>
          </reporter-output>
        </test-method> <!-- tearDown -->
        <test-method is-config="true" signature="setUp()[pri:0, instance:User.Login.User_Login_Test@47eaca72]" started-at="2025-02-27T09:28:07 ICT" name="setUp" finished-at="2025-02-27T09:28:08 ICT" duration-ms="765" status="PASS">
          <reporter-output>
          </reporter-output>
        </test-method> <!-- setUp -->
        <test-method signature="testLogin(java.lang.String,java.lang.String,java.lang.String,java.lang.String,java.lang.String,java.lang.String,java.lang.String)[pri:0, instance:User.Login.User_Login_Test@47eaca72]" started-at="2025-02-27T09:28:08 ICT" name="testLogin" data-provider="loginData" finished-at="2025-02-27T09:28:10 ICT" duration-ms="2679" status="PASS">
          <params>
            <param index="0">
              <value>
                <![CDATA[              ]]>
              </value>
            </param>
            <param index="1">
              <value>
                <![CDATA[adminmaster]]>
              </value>
            </param>
            <param index="2">
              <value>
                <![CDATA[Định dạng email không hợp lệ]]>
              </value>
            </param>
            <param index="3">
              <value>
                <![CDATA[Honivy]]>
              </value>
            </param>
            <param index="4">
              <value>
                <![CDATA[http://localhost:4200/]]>
              </value>
            </param>
            <param index="5">
              <value>
                <![CDATA[Nhập email bằng ký tự trắng]]>
              </value>
            </param>
            <param index="6">
              <value>
                <![CDATA[Fail]]>
              </value>
            </param>
          </params>
          <reporter-output>
          </reporter-output>
        </test-method> <!-- testLogin -->
        <test-method is-config="true" signature="tearDown()[pri:0, instance:User.Login.User_Login_Test@47eaca72]" started-at="2025-02-27T09:28:10 ICT" name="tearDown" finished-at="2025-02-27T09:28:11 ICT" duration-ms="330" status="PASS">
          <reporter-output>
          </reporter-output>
        </test-method> <!-- tearDown -->
        <test-method is-config="true" signature="setUp()[pri:0, instance:User.Login.User_Login_Test@47eaca72]" started-at="2025-02-27T09:28:11 ICT" name="setUp" finished-at="2025-02-27T09:28:12 ICT" duration-ms="728" status="PASS">
          <reporter-output>
          </reporter-output>
        </test-method> <!-- setUp -->
        <test-method signature="testLogin(java.lang.String,java.lang.String,java.lang.String,java.lang.String,java.lang.String,java.lang.String,java.lang.String)[pri:0, instance:User.Login.User_Login_Test@47eaca72]" started-at="2025-02-27T09:28:12 ICT" name="testLogin" data-provider="loginData" finished-at="2025-02-27T09:28:14 ICT" duration-ms="2668" status="PASS">
          <params>
            <param index="0">
              <value>
                <![CDATA[   adminmaster@gmail.com]]>
              </value>
            </param>
            <param index="1">
              <value>
                <![CDATA[adminmaster]]>
              </value>
            </param>
            <param index="2">
              <value>
                <![CDATA[Định dạng email không hợp lệ]]>
              </value>
            </param>
            <param index="3">
              <value>
                <![CDATA[Honivy]]>
              </value>
            </param>
            <param index="4">
              <value>
                <![CDATA[http://localhost:4200/]]>
              </value>
            </param>
            <param index="5">
              <value>
                <![CDATA[Nhập email nhưng có ký tự trắng (Đầu)]]>
              </value>
            </param>
            <param index="6">
              <value>
                <![CDATA[Fail]]>
              </value>
            </param>
          </params>
          <reporter-output>
          </reporter-output>
        </test-method> <!-- testLogin -->
        <test-method is-config="true" signature="tearDown()[pri:0, instance:User.Login.User_Login_Test@47eaca72]" started-at="2025-02-27T09:28:14 ICT" name="tearDown" finished-at="2025-02-27T09:28:15 ICT" duration-ms="316" status="PASS">
          <reporter-output>
          </reporter-output>
        </test-method> <!-- tearDown -->
        <test-method is-config="true" signature="setUp()[pri:0, instance:User.Login.User_Login_Test@47eaca72]" started-at="2025-02-27T09:28:15 ICT" name="setUp" finished-at="2025-02-27T09:28:15 ICT" duration-ms="739" status="PASS">
          <reporter-output>
          </reporter-output>
        </test-method> <!-- setUp -->
        <test-method signature="testLogin(java.lang.String,java.lang.String,java.lang.String,java.lang.String,java.lang.String,java.lang.String,java.lang.String)[pri:0, instance:User.Login.User_Login_Test@47eaca72]" started-at="2025-02-27T09:28:15 ICT" name="testLogin" data-provider="loginData" finished-at="2025-02-27T09:28:18 ICT" duration-ms="2707" status="PASS">
          <params>
            <param index="0">
              <value>
                <![CDATA[adminmaste r@gmail.com]]>
              </value>
            </param>
            <param index="1">
              <value>
                <![CDATA[adminmaster]]>
              </value>
            </param>
            <param index="2">
              <value>
                <![CDATA[Định dạng email không hợp lệ]]>
              </value>
            </param>
            <param index="3">
              <value>
                <![CDATA[Honivy]]>
              </value>
            </param>
            <param index="4">
              <value>
                <![CDATA[http://localhost:4200/]]>
              </value>
            </param>
            <param index="5">
              <value>
                <![CDATA[Nhập email nhưng có ký tự trắng (Giữa)]]>
              </value>
            </param>
            <param index="6">
              <value>
                <![CDATA[Fail]]>
              </value>
            </param>
          </params>
          <reporter-output>
          </reporter-output>
        </test-method> <!-- testLogin -->
        <test-method is-config="true" signature="tearDown()[pri:0, instance:User.Login.User_Login_Test@47eaca72]" started-at="2025-02-27T09:28:18 ICT" name="tearDown" finished-at="2025-02-27T09:28:18 ICT" duration-ms="377" status="PASS">
          <reporter-output>
          </reporter-output>
        </test-method> <!-- tearDown -->
        <test-method is-config="true" signature="setUp()[pri:0, instance:User.Login.User_Login_Test@47eaca72]" started-at="2025-02-27T09:28:18 ICT" name="setUp" finished-at="2025-02-27T09:28:19 ICT" duration-ms="763" status="PASS">
          <reporter-output>
          </reporter-output>
        </test-method> <!-- setUp -->
        <test-method signature="testLogin(java.lang.String,java.lang.String,java.lang.String,java.lang.String,java.lang.String,java.lang.String,java.lang.String)[pri:0, instance:User.Login.User_Login_Test@47eaca72]" started-at="2025-02-27T09:28:19 ICT" name="testLogin" data-provider="loginData" finished-at="2025-02-27T09:28:22 ICT" duration-ms="2729" status="PASS">
          <params>
            <param index="0">
              <value>
                <![CDATA[adminmaster@gmail.com    ]]>
              </value>
            </param>
            <param index="1">
              <value>
                <![CDATA[adminmaster]]>
              </value>
            </param>
            <param index="2">
              <value>
                <![CDATA[Định dạng email không hợp lệ]]>
              </value>
            </param>
            <param index="3">
              <value>
                <![CDATA[Honivy]]>
              </value>
            </param>
            <param index="4">
              <value>
                <![CDATA[http://localhost:4200/]]>
              </value>
            </param>
            <param index="5">
              <value>
                <![CDATA[Nhập email nhưng có ký tự trắng (Cuối)]]>
              </value>
            </param>
            <param index="6">
              <value>
                <![CDATA[Fail]]>
              </value>
            </param>
          </params>
          <reporter-output>
          </reporter-output>
        </test-method> <!-- testLogin -->
        <test-method is-config="true" signature="tearDown()[pri:0, instance:User.Login.User_Login_Test@47eaca72]" started-at="2025-02-27T09:28:22 ICT" name="tearDown" finished-at="2025-02-27T09:28:22 ICT" duration-ms="336" status="PASS">
          <reporter-output>
          </reporter-output>
        </test-method> <!-- tearDown -->
        <test-method is-config="true" signature="setUp()[pri:0, instance:User.Login.User_Login_Test@47eaca72]" started-at="2025-02-27T09:28:22 ICT" name="setUp" finished-at="2025-02-27T09:28:23 ICT" duration-ms="843" status="PASS">
          <reporter-output>
          </reporter-output>
        </test-method> <!-- setUp -->
        <test-method signature="testLogin(java.lang.String,java.lang.String,java.lang.String,java.lang.String,java.lang.String,java.lang.String,java.lang.String)[pri:0, instance:User.Login.User_Login_Test@47eaca72]" started-at="2025-02-27T09:28:23 ICT" name="testLogin" data-provider="loginData" finished-at="2025-02-27T09:28:26 ICT" duration-ms="2860" status="PASS">
          <params>
            <param index="0">
              <value>
                <![CDATA[adminmastergmail.com]]>
              </value>
            </param>
            <param index="1">
              <value>
                <![CDATA[adminmaster]]>
              </value>
            </param>
            <param index="2">
              <value>
                <![CDATA[Định dạng email không hợp lệ]]>
              </value>
            </param>
            <param index="3">
              <value>
                <![CDATA[Honivy]]>
              </value>
            </param>
            <param index="4">
              <value>
                <![CDATA[http://localhost:4200/]]>
              </value>
            </param>
            <param index="5">
              <value>
                <![CDATA[Nhập email sai định dạng (Không có @)]]>
              </value>
            </param>
            <param index="6">
              <value>
                <![CDATA[Fail]]>
              </value>
            </param>
          </params>
          <reporter-output>
          </reporter-output>
        </test-method> <!-- testLogin -->
        <test-method is-config="true" signature="tearDown()[pri:0, instance:User.Login.User_Login_Test@47eaca72]" started-at="2025-02-27T09:28:26 ICT" name="tearDown" finished-at="2025-02-27T09:28:26 ICT" duration-ms="352" status="PASS">
          <reporter-output>
          </reporter-output>
        </test-method> <!-- tearDown -->
        <test-method is-config="true" signature="setUp()[pri:0, instance:User.Login.User_Login_Test@47eaca72]" started-at="2025-02-27T09:28:26 ICT" name="setUp" finished-at="2025-02-27T09:28:27 ICT" duration-ms="835" status="PASS">
          <reporter-output>
          </reporter-output>
        </test-method> <!-- setUp -->
        <test-method signature="testLogin(java.lang.String,java.lang.String,java.lang.String,java.lang.String,java.lang.String,java.lang.String,java.lang.String)[pri:0, instance:User.Login.User_Login_Test@47eaca72]" started-at="2025-02-27T09:28:27 ICT" name="testLogin" data-provider="loginData" finished-at="2025-02-27T09:28:30 ICT" duration-ms="2820" status="PASS">
          <params>
            <param index="0">
              <value>
                <![CDATA[@gmail.com]]>
              </value>
            </param>
            <param index="1">
              <value>
                <![CDATA[adminmaster]]>
              </value>
            </param>
            <param index="2">
              <value>
                <![CDATA[Định dạng email không hợp lệ]]>
              </value>
            </param>
            <param index="3">
              <value>
                <![CDATA[Honivy]]>
              </value>
            </param>
            <param index="4">
              <value>
                <![CDATA[http://localhost:4200/]]>
              </value>
            </param>
            <param index="5">
              <value>
                <![CDATA[Nhập email sai định dạng (Thiếu tên miền)]]>
              </value>
            </param>
            <param index="6">
              <value>
                <![CDATA[Fail]]>
              </value>
            </param>
          </params>
          <reporter-output>
          </reporter-output>
        </test-method> <!-- testLogin -->
        <test-method is-config="true" signature="tearDown()[pri:0, instance:User.Login.User_Login_Test@47eaca72]" started-at="2025-02-27T09:28:30 ICT" name="tearDown" finished-at="2025-02-27T09:28:30 ICT" duration-ms="344" status="PASS">
          <reporter-output>
          </reporter-output>
        </test-method> <!-- tearDown -->
        <test-method is-config="true" signature="setUp()[pri:0, instance:User.Login.User_Login_Test@47eaca72]" started-at="2025-02-27T09:28:30 ICT" name="setUp" finished-at="2025-02-27T09:28:32 ICT" duration-ms="1536" status="PASS">
          <reporter-output>
          </reporter-output>
        </test-method> <!-- setUp -->
        <test-method signature="testLogin(java.lang.String,java.lang.String,java.lang.String,java.lang.String,java.lang.String,java.lang.String,java.lang.String)[pri:0, instance:User.Login.User_Login_Test@47eaca72]" started-at="2025-02-27T09:28:32 ICT" name="testLogin" data-provider="loginData" finished-at="2025-02-27T09:28:35 ICT" duration-ms="2817" status="PASS">
          <params>
            <param index="0">
              <value>
                <![CDATA[tungtet2003@gmail.com]]>
              </value>
            </param>
            <param index="1">
              <value>
                <![CDATA[adminmaster]]>
              </value>
            </param>
            <param index="2">
              <value>
                <![CDATA[Email người dùng không tồn tại!]]>
              </value>
            </param>
            <param index="3">
              <value>
                <![CDATA[Honivy]]>
              </value>
            </param>
            <param index="4">
              <value>
                <![CDATA[http://localhost:4200/]]>
              </value>
            </param>
            <param index="5">
              <value>
                <![CDATA[Nhập email không tồn tại trong CSDL]]>
              </value>
            </param>
            <param index="6">
              <value>
                <![CDATA[Fail]]>
              </value>
            </param>
          </params>
          <reporter-output>
          </reporter-output>
        </test-method> <!-- testLogin -->
        <test-method is-config="true" signature="tearDown()[pri:0, instance:User.Login.User_Login_Test@47eaca72]" started-at="2025-02-27T09:28:35 ICT" name="tearDown" finished-at="2025-02-27T09:28:35 ICT" duration-ms="495" status="PASS">
          <reporter-output>
          </reporter-output>
        </test-method> <!-- tearDown -->
        <test-method is-config="true" signature="setUp()[pri:0, instance:User.Login.User_Login_Test@47eaca72]" started-at="2025-02-27T09:28:35 ICT" name="setUp" finished-at="2025-02-27T09:28:36 ICT" duration-ms="980" status="PASS">
          <reporter-output>
          </reporter-output>
        </test-method> <!-- setUp -->
        <test-method signature="testLogin(java.lang.String,java.lang.String,java.lang.String,java.lang.String,java.lang.String,java.lang.String,java.lang.String)[pri:0, instance:User.Login.User_Login_Test@47eaca72]" started-at="2025-02-27T09:28:36 ICT" name="testLogin" data-provider="loginData" finished-at="2025-02-27T09:28:39 ICT" duration-ms="2951" status="PASS">
          <params>
            <param index="0">
              <value>
                <![CDATA[adminmaster@gmail.com]]>
              </value>
            </param>
            <param index="1">
              <value>
                <![CDATA[]]>
              </value>
            </param>
            <param index="2">
              <value>
                <![CDATA[Vui lòng nhập mật khẩu]]>
              </value>
            </param>
            <param index="3">
              <value>
                <![CDATA[Honivy]]>
              </value>
            </param>
            <param index="4">
              <value>
                <![CDATA[http://localhost:4200/]]>
              </value>
            </param>
            <param index="5">
              <value>
                <![CDATA[Để trống mật khẩu]]>
              </value>
            </param>
            <param index="6">
              <value>
                <![CDATA[Fail]]>
              </value>
            </param>
          </params>
          <reporter-output>
          </reporter-output>
        </test-method> <!-- testLogin -->
        <test-method is-config="true" signature="tearDown()[pri:0, instance:User.Login.User_Login_Test@47eaca72]" started-at="2025-02-27T09:28:39 ICT" name="tearDown" finished-at="2025-02-27T09:28:39 ICT" duration-ms="401" status="PASS">
          <reporter-output>
          </reporter-output>
        </test-method> <!-- tearDown -->
        <test-method is-config="true" signature="setUp()[pri:0, instance:User.Login.User_Login_Test@47eaca72]" started-at="2025-02-27T09:28:39 ICT" name="setUp" finished-at="2025-02-27T09:28:41 ICT" duration-ms="1092" status="PASS">
          <reporter-output>
          </reporter-output>
        </test-method> <!-- setUp -->
        <test-method signature="testLogin(java.lang.String,java.lang.String,java.lang.String,java.lang.String,java.lang.String,java.lang.String,java.lang.String)[pri:0, instance:User.Login.User_Login_Test@47eaca72]" started-at="2025-02-27T09:28:41 ICT" name="testLogin" data-provider="loginData" finished-at="2025-02-27T09:28:44 ICT" duration-ms="3507" status="PASS">
          <params>
            <param index="0">
              <value>
                <![CDATA[adminmaster@gmail.com]]>
              </value>
            </param>
            <param index="1">
              <value>
                <![CDATA[              ]]>
              </value>
            </param>
            <param index="2">
              <value>
                <![CDATA[Tài khoản hoặc mật khẩu người dùng không chính xác!]]>
              </value>
            </param>
            <param index="3">
              <value>
                <![CDATA[Honivy]]>
              </value>
            </param>
            <param index="4">
              <value>
                <![CDATA[http://localhost:4200/]]>
              </value>
            </param>
            <param index="5">
              <value>
                <![CDATA[Nhập mật khẩu bằng ký tự trắng]]>
              </value>
            </param>
            <param index="6">
              <value>
                <![CDATA[Fail]]>
              </value>
            </param>
          </params>
          <reporter-output>
          </reporter-output>
        </test-method> <!-- testLogin -->
        <test-method is-config="true" signature="tearDown()[pri:0, instance:User.Login.User_Login_Test@47eaca72]" started-at="2025-02-27T09:28:44 ICT" name="tearDown" finished-at="2025-02-27T09:28:45 ICT" duration-ms="1052" status="PASS">
          <reporter-output>
          </reporter-output>
        </test-method> <!-- tearDown -->
        <test-method is-config="true" signature="setUp()[pri:0, instance:User.Login.User_Login_Test@47eaca72]" started-at="2025-02-27T09:28:45 ICT" name="setUp" finished-at="2025-02-27T09:28:46 ICT" duration-ms="1105" status="PASS">
          <reporter-output>
          </reporter-output>
        </test-method> <!-- setUp -->
        <test-method signature="testLogin(java.lang.String,java.lang.String,java.lang.String,java.lang.String,java.lang.String,java.lang.String,java.lang.String)[pri:0, instance:User.Login.User_Login_Test@47eaca72]" started-at="2025-02-27T09:28:46 ICT" name="testLogin" data-provider="loginData" finished-at="2025-02-27T09:28:50 ICT" duration-ms="3330" status="PASS">
          <params>
            <param index="0">
              <value>
                <![CDATA[adminmaster@gmail.com]]>
              </value>
            </param>
            <param index="1">
              <value>
                <![CDATA[adminmas1ter]]>
              </value>
            </param>
            <param index="2">
              <value>
                <![CDATA[Tài khoản hoặc mật khẩu người dùng không chính xác!]]>
              </value>
            </param>
            <param index="3">
              <value>
                <![CDATA[Honivy]]>
              </value>
            </param>
            <param index="4">
              <value>
                <![CDATA[http://localhost:4200/]]>
              </value>
            </param>
            <param index="5">
              <value>
                <![CDATA[Nhập mật khẩu sai]]>
              </value>
            </param>
            <param index="6">
              <value>
                <![CDATA[Fail]]>
              </value>
            </param>
          </params>
          <reporter-output>
          </reporter-output>
        </test-method> <!-- testLogin -->
        <test-method is-config="true" signature="tearDown()[pri:0, instance:User.Login.User_Login_Test@47eaca72]" started-at="2025-02-27T09:28:50 ICT" name="tearDown" finished-at="2025-02-27T09:28:50 ICT" duration-ms="553" status="PASS">
          <reporter-output>
          </reporter-output>
        </test-method> <!-- tearDown -->
        <test-method is-config="true" signature="afterSuite()[pri:0, instance:User.Login.User_Login_Test@47eaca72]" started-at="2025-02-27T09:28:50 ICT" name="afterSuite" finished-at="2025-02-27T09:28:50 ICT" duration-ms="294" status="PASS">
          <reporter-output>
          </reporter-output>
        </test-method> <!-- afterSuite -->
      </class> <!-- User.Login.User_Login_Test -->
    </test> <!-- Tests -->
  </suite> <!-- Parallel Test Suite -->
</testng-results>
