<?xml version="1.0" encoding="UTF-8"?>
<!-- Generated by org.testng.reporters.JUnitXMLReporter -->
<testsuite ignored="0" hostname="SyO" failures="0" tests="12" name="Tests" time="58.708" errors="0" timestamp="2025-02-27T09:28:50 ICT">
  <testcase classname="User.Login.User_Login_Test" name="testLogin" time="7.555"/>
  <testcase classname="User.Login.User_Login_Test" name="testLogin" time="2.707"/>
  <testcase classname="User.Login.User_Login_Test" name="testLogin" time="2.679"/>
  <testcase classname="User.Login.User_Login_Test" name="testLogin" time="2.668"/>
  <testcase classname="User.Login.User_Login_Test" name="testLogin" time="2.707"/>
  <testcase classname="User.Login.User_Login_Test" name="testLogin" time="2.729"/>
  <testcase classname="User.Login.User_Login_Test" name="testLogin" time="2.86"/>
  <testcase classname="User.Login.User_Login_Test" name="testLogin" time="2.82"/>
  <testcase classname="User.Login.User_Login_Test" name="testLogin" time="2.817"/>
  <testcase classname="User.Login.User_Login_Test" name="testLogin" time="2.951"/>
  <testcase classname="User.Login.User_Login_Test" name="testLogin" time="3.507"/>
  <testcase classname="User.Login.User_Login_Test" name="testLogin" time="3.33"/>
</testsuite> <!-- Tests -->
