<?xml version="1.0" encoding="UTF-8"?>
<!-- Generated by org.testng.reporters.JUnitXMLReporter -->
<testsuite ignored="0" hostname="SyO" failures="0" tests="12" name="Tests" time="44.961" errors="0" timestamp="2025-02-23T08:55:40 ICT">
  <testcase classname="User.Login.User_Login_Test" name="testLogin" time="2.838"/>
  <testcase classname="User.Login.User_Login_Test" name="testLogin" time="2.518"/>
  <testcase classname="User.Login.User_Login_Test" name="testLogin" time="2.806"/>
  <testcase classname="User.Login.User_Login_Test" name="testLogin" time="2.573"/>
  <testcase classname="User.Login.User_Login_Test" name="testLogin" time="2.557"/>
  <testcase classname="User.Login.User_Login_Test" name="testLogin" time="2.58"/>
  <testcase classname="User.Login.User_Login_Test" name="testLogin" time="2.529"/>
  <testcase classname="User.Login.User_Login_Test" name="testLogin" time="2.498"/>
  <testcase classname="User.Login.User_Login_Test" name="testLogin" time="2.522"/>
  <testcase classname="User.Login.User_Login_Test" name="testLogin" time="2.541"/>
  <testcase classname="User.Login.User_Login_Test" name="testLogin" time="2.699"/>
  <testcase classname="User.Login.User_Login_Test" name="testLogin" time="2.917"/>
</testsuite> <!-- Tests -->
