<?xml version="1.0" encoding="UTF-8"?>
<!-- Generated by org.testng.reporters.JUnitReportReporter -->
<testsuite hostname="SyO" failures="0" tests="12" name="User.Login.User_Login_Test" time="44.170" errors="0" timestamp="2025-02-23T08:55:40 ICT" skipped="0">
  <testcase classname="User.Login.User_Login_Test" name="testLogin" time="3.506"/>
  <testcase classname="User.Login.User_Login_Test" name="testLogin" time="3.581"/>
  <testcase classname="User.Login.User_Login_Test" name="testLogin" time="3.526"/>
  <testcase classname="User.Login.User_Login_Test" name="testLogin" time="3.522"/>
  <testcase classname="User.Login.User_Login_Test" name="testLogin" time="3.609"/>
  <testcase classname="User.Login.User_Login_Test" name="testLogin" time="3.626"/>
  <testcase classname="User.Login.User_Login_Test" name="testLogin" time="3.662"/>
  <testcase classname="User.Login.User_Login_Test" name="testLogin" time="3.572"/>
  <testcase classname="User.Login.User_Login_Test" name="testLogin" time="3.849"/>
  <testcase classname="User.Login.User_Login_Test" name="testLogin" time="3.917"/>
  <testcase classname="User.Login.User_Login_Test" name="testLogin" time="3.493"/>
  <testcase classname="User.Login.User_Login_Test" name="testLogin" time="4.307"/>
</testsuite> <!-- User.Login.User_Login_Test -->
