<?xml version="1.0" encoding="UTF-8"?>
<!-- Generated by org.testng.reporters.JUnitReportReporter -->
<testsuite hostname="SyO" failures="0" tests="12" name="User.Login.User_Login_Test" time="57.532" errors="0" timestamp="2025-02-27T09:28:51 ICT" skipped="0">
  <testcase classname="User.Login.User_Login_Test" name="testLogin" time="3.986"/>
  <testcase classname="User.Login.User_Login_Test" name="testLogin" time="5.816"/>
  <testcase classname="User.Login.User_Login_Test" name="testLogin" time="8.634"/>
  <testcase classname="User.Login.User_Login_Test" name="testLogin" time="3.894"/>
  <testcase classname="User.Login.User_Login_Test" name="testLogin" time="4.559"/>
  <testcase classname="User.Login.User_Login_Test" name="testLogin" time="5.000"/>
  <testcase classname="User.Login.User_Login_Test" name="testLogin" time="4.906"/>
  <testcase classname="User.Login.User_Login_Test" name="testLogin" time="3.961"/>
  <testcase classname="User.Login.User_Login_Test" name="testLogin" time="3.930"/>
  <testcase classname="User.Login.User_Login_Test" name="testLogin" time="4.114"/>
  <testcase classname="User.Login.User_Login_Test" name="testLogin" time="4.078"/>
  <testcase classname="User.Login.User_Login_Test" name="testLogin" time="4.654"/>
</testsuite> <!-- User.Login.User_Login_Test -->
